2017-08-10 10:05:12,057 DEBUG   hello
2017-08-10 10:22:17,669 DEBUG   hello
2017-08-10 10:22:17,669 DEBUG   実行ディレクトリパス : C:\sep\python\004_okuyama_clear
2017-08-10 10:41:20,860 DEBUG   実行ディレクトリパス : C:\sep\python\004_okuyama_clear
2017-08-10 10:41:41,383 DEBUG   実行ディレクトリパス : C:\sep\python\004_okuyama_clear
2017-08-10 10:41:41,383 DEBUG   対象のgzfile名 : .\20170807_mgsp_shop_bot.txt.gz
2017-08-10 10:44:16,215 DEBUG   実行ディレクトリパス : C:\sep\python\004_okuyama_clear
2017-08-10 10:44:16,215 DEBUG   対象のgzfile名 : .\20170807_mgsp_shop_bot.txt.gz
2017-08-10 10:44:37,793 DEBUG   実行ディレクトリパス : C:\sep\python\004_okuyama_clear
2017-08-10 10:44:37,793 DEBUG   対象のgzfile名 : .\20170807_mgsp_shop_bot.txt.gz
2017-08-10 10:44:37,808 DEBUG   COUNT : 3469
2017-08-10 10:45:23,981 DEBUG   # 実行ディレクトリパス : C:\sep\python\004_okuyama_clear
2017-08-10 10:45:23,981 DEBUG   ## 対象のgzfile名 : .\20170807_mgsp_shop_bot.txt.gz
2017-08-10 10:45:23,996 DEBUG   ### COUNT : 3469
2017-08-10 10:45:50,447 DEBUG   # 実行ディレクトリパス : C:\sep\python\004_okuyama_clear
2017-08-10 10:45:50,447 DEBUG   ## 対象のgzfile名 : .\20170807_mgsp_shop_bot.txt.gz
2017-08-10 10:45:50,447 DEBUG   ### COUNT : 3469
2017-08-10 10:53:23,582 DEBUG   # 実行ディレクトリパス : C:\sep\python\004_okuyama_clear
2017-08-10 10:53:23,582 DEBUG   ## 対象のgzfile名 : .\20170807_mgsp_shop_bot.txt.gz
2017-08-10 10:53:23,597 DEBUG   ### ファイル内の行数 : 3469
2017-08-10 10:53:36,912 DEBUG   # 実行ディレクトリパス : C:\sep\python\004_okuyama_clear
2017-08-10 10:53:36,912 DEBUG   ## 対象のgzfile名 : .\20170807_mgsp_shop_bot.txt.gz
2017-08-10 10:53:36,928 DEBUG   ### ファイル内の行数 : 3469
2017-08-10 10:53:36,928 DEBUG   #### 0
2017-08-10 10:53:45,570 DEBUG   # 実行ディレクトリパス : C:\sep\python\004_okuyama_clear
2017-08-10 10:53:45,570 DEBUG   ## 対象のgzfile名 : .\20170807_mgsp_shop_bot.txt.gz
2017-08-10 10:53:45,570 DEBUG   ### ファイル内の行数 : 3469
2017-08-10 10:53:45,570 DEBUG   #### 0
2017-08-10 10:53:48,416 DEBUG   #### 1000
2017-08-10 10:53:52,079 DEBUG   #### 2000
2017-08-10 10:53:57,188 DEBUG   #### 3000
2017-08-10 10:55:46,024 DEBUG   C:\sep\python\004_okuyama_clear\okuyama_clear.pyの実行を開始
2017-08-10 10:55:46,024 DEBUG   # 実行ディレクトリパス : C:\sep\python\004_okuyama_clear
2017-08-10 10:55:46,024 DEBUG   ## 対象のgzfile名 : .\20170807_mgsp_shop_bot.txt.gz
2017-08-10 10:55:46,032 DEBUG   ### ファイル内の行数 : 3469
2017-08-10 10:55:46,033 DEBUG   #### 0件を通過
2017-08-10 10:55:51,075 DEBUG   #### 1000件を通過
2017-08-10 10:55:56,254 DEBUG   #### 2000件を通過
2017-08-10 10:56:00,789 DEBUG   #### 3000件を通過
2017-08-10 10:56:02,225 DEBUG   C:\sep\python\004_okuyama_clear\okuyama_clear.pyの実行を終了
2017-08-10 10:58:31,128 DEBUG   ----------------------
2017-08-10 10:58:31,129 DEBUG   C:\sep\python\004_okuyama_clear\okuyama_clear.pyの実行を開始
2017-08-10 10:58:31,130 DEBUG   # 実行ディレクトリパス : C:\sep\python\004_okuyama_clear
2017-08-10 10:58:31,130 DEBUG   ## 対象のgzfile名 : .\20170807_mgsp_shop_bot.txt.gz
2017-08-10 10:58:31,139 DEBUG   ### ファイル内の行数 : 3469
2017-08-10 10:58:33,882 DEBUG   #### 999件を通過
2017-08-10 10:58:36,153 DEBUG   #### 1999件を通過
2017-08-10 10:58:39,898 DEBUG   #### 2999件を通過
2017-08-10 10:58:41,503 DEBUG   C:\sep\python\004_okuyama_clear\okuyama_clear.pyの実行を終了
2017-08-10 10:58:41,503 DEBUG   ----------------------
2017-08-10 11:05:34,429 DEBUG   ----------------------
2017-08-10 11:05:34,429 DEBUG   okuyama_clear.pyの実行を開始
2017-08-10 11:05:34,429 DEBUG   # 実行ディレクトリパス : C:\sep\python\004_okuyama_clear\okuyama_clear.py
2017-08-10 11:05:34,429 DEBUG   ## 対象のgzfile名 : .\20170807_mgsp_shop_bot.txt.gz
2017-08-10 11:05:34,429 DEBUG   ### ファイル内の行数 : 3469
2017-08-10 11:05:34,429 DEBUG   #### 0件を通過
2017-08-10 11:05:37,772 DEBUG   #### 1000件を通過
2017-08-10 11:05:40,000 DEBUG   #### 2000件を通過
2017-08-10 11:05:42,776 DEBUG   #### 3000件を通過
2017-08-10 11:05:44,198 DEBUG   ## 対象のgzfile名の完了 : .\20170807_mgsp_shop_bot.txt.gz
2017-08-10 11:05:44,198 DEBUG   okuyama_clear.pyの実行を終了
2017-08-10 11:05:44,199 DEBUG   ----------------------
2017-08-10 11:09:41,496 DEBUG   ----------------------
2017-08-10 11:09:41,496 DEBUG   okuyama_clear.pyの実行を開始
2017-08-10 11:09:41,496 DEBUG   # 実行時のパス : C:\sep\python\004_okuyama_clear\okuyama_clear.py
2017-08-10 11:09:41,496 DEBUG   ## 対象のgzfile名 : .\20170807_mgsp_shop_bot.txt.gz
2017-08-10 11:09:41,496 DEBUG   ### ファイル内の行数 : 3469
2017-08-10 11:09:41,496 DEBUG   #### 0件を通過
2017-08-10 11:09:44,195 DEBUG   #### 1000件を通過
2017-08-10 11:09:47,233 DEBUG   #### 2000件を通過
2017-08-10 11:09:49,434 DEBUG   #### 3000件を通過
2017-08-10 11:09:51,320 DEBUG   ## 対象のz_file名 : .\product_bot.zip
2017-08-10 11:12:35,888 DEBUG   ----------------------
2017-08-10 11:12:35,888 DEBUG   okuyama_clear.pyの実行を開始
2017-08-10 11:12:35,888 DEBUG   # 実行時のパス : C:\sep\python\004_okuyama_clear\okuyama_clear.py
2017-08-10 11:12:35,888 DEBUG   ## 対象のgzfile名 : .\20170807_mgsp_shop_bot.txt.gz
2017-08-10 11:12:35,888 DEBUG   ### ファイル内の行数 : 3469
2017-08-10 11:12:35,888 DEBUG   #### 0件を通過
2017-08-10 11:12:39,177 DEBUG   #### 1000件を通過
2017-08-10 11:12:41,205 DEBUG   #### 2000件を通過
2017-08-10 11:12:42,910 DEBUG   #### 3000件を通過
2017-08-10 11:12:44,954 DEBUG   ## 対象のz_file名 : .\product_bot.zip
2017-08-10 11:12:45,539 DEBUG   ### ファイル内の行数 : 541579
2017-08-10 11:12:45,540 DEBUG   #### 0件を通過
2017-08-10 11:12:45,545 DEBUG   ### ファイル内の行数 : 6687
2017-08-10 11:12:45,545 DEBUG   #### 0件を通過
2017-08-10 11:12:45,612 DEBUG   ### ファイル内の行数 : 164093
2017-08-10 11:12:45,612 DEBUG   #### 0件を通過
2017-08-10 11:12:45,616 DEBUG   ### ファイル内の行数 : 3469
2017-08-10 11:12:45,617 DEBUG   #### 0件を通過
2017-08-10 11:12:45,672 DEBUG   ### ファイル内の行数 : 133293
2017-08-10 11:12:45,673 DEBUG   #### 0件を通過
2017-08-10 11:12:45,677 DEBUG   ### ファイル内の行数 : 5030
2017-08-10 11:12:45,677 DEBUG   #### 0件を通過
2017-08-10 11:12:45,689 DEBUG   ### ファイル内の行数 : 20859
2017-08-10 11:12:45,689 DEBUG   #### 0件を通過
2017-08-10 11:12:45,693 DEBUG   ### ファイル内の行数 : 886
2017-08-10 11:12:45,693 DEBUG   #### 0件を通過
2017-08-10 11:12:45,694 DEBUG   okuyama_clear.pyの実行を終了
2017-08-10 11:12:45,694 DEBUG   ----------------------
2017-08-10 11:15:06,277 DEBUG   ----------------------
2017-08-10 11:15:06,277 DEBUG   okuyama_clear.pyの実行を開始
2017-08-10 11:15:06,277 DEBUG   # 実行時のパス : C:\sep\python\004_okuyama_clear\okuyama_clear.py
2017-08-10 11:15:06,277 DEBUG   ## 対象のgzfile名 : .\20170807_mgsp_shop_bot.txt.gz
2017-08-10 11:15:06,277 DEBUG   ### ファイル内の行数 : 3469
2017-08-10 11:15:06,277 DEBUG   #### 0件を通過
2017-08-10 11:15:09,718 DEBUG   #### 1000件を通過
2017-08-10 11:15:12,825 DEBUG   #### 2000件を通過
2017-08-10 11:15:15,666 DEBUG   #### 3000件を通過
2017-08-10 11:15:17,078 DEBUG   ## 対象のz_file名 : .\product_bot.zip
2017-08-10 11:15:17,347 DEBUG   ### 対象のファイル名 : product_bot/20170807_mgpc_product_bot.txt
2017-08-10 11:15:17,583 DEBUG   #### ファイル内の行数 : 541579
2017-08-10 11:15:17,583 DEBUG   ##### 0件を通過
2017-08-10 11:15:20,318 DEBUG   ##### 1000件を通過
2017-08-10 11:15:23,073 DEBUG   ##### 2000件を通過
2017-08-10 11:15:25,225 DEBUG   ##### 3000件を通過
2017-08-10 11:15:26,850 DEBUG   ##### 4000件を通過
2017-08-10 11:15:28,604 DEBUG   ##### 5000件を通過
2017-08-10 11:15:30,010 DEBUG   ##### 6000件を通過
2017-08-10 11:15:32,067 DEBUG   ##### 7000件を通過
2017-08-10 11:15:33,518 DEBUG   ##### 8000件を通過
2017-08-10 11:15:36,435 DEBUG   ##### 9000件を通過
2017-08-10 11:15:39,569 DEBUG   ##### 10000件を通過
2017-08-10 11:15:45,009 DEBUG   ##### 11000件を通過
2017-08-10 11:15:49,740 DEBUG   ##### 12000件を通過
2017-08-10 11:15:52,359 DEBUG   ##### 13000件を通過
2017-08-10 11:15:54,484 DEBUG   ##### 14000件を通過
2017-08-10 11:15:57,191 DEBUG   ##### 15000件を通過
2017-08-10 11:16:00,203 DEBUG   ##### 16000件を通過
2017-08-10 11:16:02,823 DEBUG   ##### 17000件を通過
2017-08-10 11:16:06,136 DEBUG   ##### 18000件を通過
2017-08-10 11:16:09,014 DEBUG   ##### 19000件を通過
2017-08-10 11:16:11,969 DEBUG   ##### 20000件を通過
2017-08-10 11:16:14,276 DEBUG   ##### 21000件を通過
2017-08-10 11:16:17,197 DEBUG   ##### 22000件を通過
2017-08-10 11:16:20,036 DEBUG   ##### 23000件を通過
2017-08-10 11:16:22,414 DEBUG   ##### 24000件を通過
2017-08-10 11:16:25,546 DEBUG   ##### 25000件を通過
2017-08-10 11:16:28,823 DEBUG   ##### 26000件を通過
2017-08-10 11:16:32,233 DEBUG   ##### 27000件を通過
2017-08-10 11:16:36,622 DEBUG   ##### 28000件を通過
2017-08-10 11:16:38,693 DEBUG   ##### 29000件を通過
2017-08-10 11:16:40,542 DEBUG   ##### 30000件を通過
2017-08-10 11:16:43,559 DEBUG   ##### 31000件を通過
2017-08-10 11:16:45,833 DEBUG   ##### 32000件を通過
2017-08-10 11:16:47,226 DEBUG   ##### 33000件を通過
2017-08-10 11:16:48,770 DEBUG   ##### 34000件を通過
2017-08-10 11:16:51,562 DEBUG   ##### 35000件を通過
2017-08-10 11:16:53,766 DEBUG   ##### 36000件を通過
2017-08-10 11:16:56,422 DEBUG   ##### 37000件を通過
2017-08-10 11:16:58,696 DEBUG   ##### 38000件を通過
2017-08-10 11:17:00,945 DEBUG   ##### 39000件を通過
2017-08-10 11:17:03,786 DEBUG   ##### 40000件を通過
2017-08-10 11:17:06,398 DEBUG   ##### 41000件を通過
2017-08-10 11:17:08,700 DEBUG   ##### 42000件を通過
2017-08-10 11:17:11,099 DEBUG   ##### 43000件を通過
2017-08-10 11:17:14,187 DEBUG   ##### 44000件を通過
2017-08-10 11:17:16,984 DEBUG   ##### 45000件を通過
2017-08-10 11:17:19,416 DEBUG   ##### 46000件を通過
2017-08-10 11:17:22,361 DEBUG   ##### 47000件を通過
2017-08-10 11:17:24,769 DEBUG   ##### 48000件を通過
2017-08-10 11:17:27,368 DEBUG   ##### 49000件を通過
2017-08-10 11:17:29,211 DEBUG   ##### 50000件を通過
2017-08-10 11:17:32,320 DEBUG   ##### 51000件を通過
2017-08-10 11:17:34,283 DEBUG   ##### 52000件を通過
2017-08-10 11:17:36,186 DEBUG   ##### 53000件を通過
2017-08-10 11:17:42,076 DEBUG   ##### 54000件を通過
2017-08-10 11:17:44,319 DEBUG   ##### 55000件を通過
2017-08-10 11:17:46,633 DEBUG   ##### 56000件を通過
2017-08-10 11:17:49,095 DEBUG   ##### 57000件を通過
2017-08-10 11:17:51,898 DEBUG   ##### 58000件を通過
2017-08-10 11:17:54,227 DEBUG   ##### 59000件を通過
2017-08-10 11:17:56,992 DEBUG   ##### 60000件を通過
2017-08-10 11:17:59,207 DEBUG   ##### 61000件を通過
2017-08-10 11:18:01,072 DEBUG   ##### 62000件を通過
2017-08-10 11:18:03,318 DEBUG   ##### 63000件を通過
2017-08-10 11:18:05,227 DEBUG   ##### 64000件を通過
2017-08-10 11:18:07,289 DEBUG   ##### 65000件を通過
2017-08-10 11:18:09,866 DEBUG   ##### 66000件を通過
2017-08-10 11:18:11,328 DEBUG   ##### 67000件を通過
2017-08-10 11:18:13,607 DEBUG   ##### 68000件を通過
2017-08-10 11:18:16,068 DEBUG   ##### 69000件を通過
2017-08-10 11:18:19,664 DEBUG   ##### 70000件を通過
2017-08-10 11:18:21,988 DEBUG   ##### 71000件を通過
2017-08-10 11:18:24,429 DEBUG   ##### 72000件を通過
2017-08-10 11:18:26,616 DEBUG   ##### 73000件を通過
2017-08-10 11:18:28,873 DEBUG   ##### 74000件を通過
2017-08-10 11:18:30,755 DEBUG   ##### 75000件を通過
2017-08-10 11:18:32,990 DEBUG   ##### 76000件を通過
2017-08-10 11:18:34,863 DEBUG   ##### 77000件を通過
2017-08-10 11:18:37,134 DEBUG   ##### 78000件を通過
2017-08-10 11:18:39,353 DEBUG   ##### 79000件を通過
2017-08-10 11:18:41,335 DEBUG   ##### 80000件を通過
2017-08-10 11:18:44,139 DEBUG   ##### 81000件を通過
2017-08-10 11:18:46,105 DEBUG   ##### 82000件を通過
2017-08-10 11:18:48,200 DEBUG   ##### 83000件を通過
2017-08-10 11:18:50,517 DEBUG   ##### 84000件を通過
2017-08-10 11:18:52,649 DEBUG   ##### 85000件を通過
2017-08-10 11:18:54,833 DEBUG   ##### 86000件を通過
2017-08-10 11:18:57,496 DEBUG   ##### 87000件を通過
2017-08-10 11:18:59,559 DEBUG   ##### 88000件を通過
2017-08-10 11:19:01,526 DEBUG   ##### 89000件を通過
2017-08-10 11:19:04,105 DEBUG   ##### 90000件を通過
2017-08-10 11:19:06,616 DEBUG   ##### 91000件を通過
2017-08-10 11:19:10,140 DEBUG   ##### 92000件を通過
2017-08-10 11:19:13,814 DEBUG   ##### 93000件を通過
2017-08-10 11:19:18,092 DEBUG   ##### 94000件を通過
2017-08-10 11:19:21,885 DEBUG   ##### 95000件を通過
2017-08-10 11:19:25,243 DEBUG   ##### 96000件を通過
2017-08-10 11:19:28,014 DEBUG   ##### 97000件を通過
2017-08-10 11:19:30,349 DEBUG   ##### 98000件を通過
2017-08-10 11:19:33,092 DEBUG   ##### 99000件を通過
2017-08-10 11:19:35,011 DEBUG   ##### 100000件を通過
2017-08-10 11:19:37,370 DEBUG   ##### 101000件を通過
2017-08-10 11:19:39,795 DEBUG   ##### 102000件を通過
2017-08-10 11:19:43,570 DEBUG   ##### 103000件を通過
2017-08-10 11:19:48,216 DEBUG   ##### 104000件を通過
2017-08-10 11:19:52,122 DEBUG   ##### 105000件を通過
2017-08-10 11:19:55,562 DEBUG   ##### 106000件を通過
2017-08-10 11:20:00,053 DEBUG   ##### 107000件を通過
2017-08-10 11:20:04,599 DEBUG   ##### 108000件を通過
2017-08-10 11:20:08,575 DEBUG   ##### 109000件を通過
2017-08-10 11:20:13,413 DEBUG   ##### 110000件を通過
2017-08-10 11:20:17,380 DEBUG   ##### 111000件を通過
2017-08-10 11:20:21,117 DEBUG   ##### 112000件を通過
2017-08-10 11:20:24,656 DEBUG   ##### 113000件を通過
2017-08-10 11:20:28,709 DEBUG   ##### 114000件を通過
2017-08-10 11:20:33,036 DEBUG   ##### 115000件を通過
2017-08-10 11:20:36,708 DEBUG   ##### 116000件を通過
2017-08-10 11:20:38,132 DEBUG   ##### 117000件を通過
2017-08-10 11:20:39,490 DEBUG   ##### 118000件を通過
2017-08-10 11:20:40,833 DEBUG   ##### 119000件を通過
2017-08-10 11:20:42,194 DEBUG   ##### 120000件を通過
2017-08-10 11:20:43,527 DEBUG   ##### 121000件を通過
2017-08-10 11:20:44,819 DEBUG   ##### 122000件を通過
2017-08-10 11:20:46,121 DEBUG   ##### 123000件を通過
2017-08-10 11:20:47,450 DEBUG   ##### 124000件を通過
2017-08-10 11:20:48,755 DEBUG   ##### 125000件を通過
2017-08-10 11:20:50,110 DEBUG   ##### 126000件を通過
2017-08-10 11:20:51,432 DEBUG   ##### 127000件を通過
2017-08-10 11:20:52,757 DEBUG   ##### 128000件を通過
2017-08-10 11:20:54,088 DEBUG   ##### 129000件を通過
2017-08-10 11:20:55,447 DEBUG   ##### 130000件を通過
2017-08-10 11:20:56,750 DEBUG   ##### 131000件を通過
2017-08-10 11:20:58,053 DEBUG   ##### 132000件を通過
2017-08-10 11:20:59,349 DEBUG   ##### 133000件を通過
2017-08-10 11:21:00,645 DEBUG   ##### 134000件を通過
2017-08-10 11:21:01,933 DEBUG   ##### 135000件を通過
2017-08-10 11:21:03,197 DEBUG   ##### 136000件を通過
2017-08-10 11:21:04,494 DEBUG   ##### 137000件を通過
2017-08-10 11:21:05,828 DEBUG   ##### 138000件を通過
2017-08-10 11:21:07,171 DEBUG   ##### 139000件を通過
2017-08-10 11:21:08,508 DEBUG   ##### 140000件を通過
2017-08-10 11:21:09,766 DEBUG   ##### 141000件を通過
2017-08-10 11:21:11,080 DEBUG   ##### 142000件を通過
2017-08-10 11:21:12,386 DEBUG   ##### 143000件を通過
2017-08-10 11:21:13,717 DEBUG   ##### 144000件を通過
2017-08-10 11:21:15,006 DEBUG   ##### 145000件を通過
2017-08-10 11:21:16,361 DEBUG   ##### 146000件を通過
2017-08-10 11:21:17,724 DEBUG   ##### 147000件を通過
2017-08-10 11:21:19,101 DEBUG   ##### 148000件を通過
2017-08-10 11:21:20,418 DEBUG   ##### 149000件を通過
2017-08-10 11:21:21,721 DEBUG   ##### 150000件を通過
2017-08-10 11:21:23,095 DEBUG   ##### 151000件を通過
2017-08-10 11:21:24,525 DEBUG   ##### 152000件を通過
2017-08-10 11:21:26,054 DEBUG   ##### 153000件を通過
2017-08-10 11:21:27,511 DEBUG   ##### 154000件を通過
2017-08-10 11:21:28,852 DEBUG   ##### 155000件を通過
2017-08-10 11:21:30,279 DEBUG   ##### 156000件を通過
2017-08-10 11:21:31,676 DEBUG   ##### 157000件を通過
2017-08-10 11:21:33,205 DEBUG   ##### 158000件を通過
2017-08-10 11:21:34,598 DEBUG   ##### 159000件を通過
2017-08-10 11:21:36,039 DEBUG   ##### 160000件を通過
2017-08-10 11:21:37,539 DEBUG   ##### 161000件を通過
2017-08-10 11:21:38,879 DEBUG   ##### 162000件を通過
2017-08-10 11:21:41,393 DEBUG   ##### 163000件を通過
2017-08-10 11:21:44,621 DEBUG   ##### 164000件を通過
2017-08-10 11:21:48,083 DEBUG   ##### 165000件を通過
2017-08-10 11:21:50,406 DEBUG   ##### 166000件を通過
2017-08-10 11:21:53,381 DEBUG   ##### 167000件を通過
2017-08-10 11:21:55,386 DEBUG   ##### 168000件を通過
2017-08-10 11:21:56,762 DEBUG   ##### 169000件を通過
2017-08-10 11:21:58,173 DEBUG   ##### 170000件を通過
2017-08-10 11:21:59,981 DEBUG   ##### 171000件を通過
2017-08-10 11:22:02,706 DEBUG   ##### 172000件を通過
2017-08-10 11:22:05,138 DEBUG   ##### 173000件を通過
2017-08-10 11:22:06,952 DEBUG   ##### 174000件を通過
2017-08-10 11:22:09,833 DEBUG   ##### 175000件を通過
2017-08-10 11:22:11,708 DEBUG   ##### 176000件を通過
2017-08-10 11:22:14,607 DEBUG   ##### 177000件を通過
2017-08-10 11:22:17,120 DEBUG   ##### 178000件を通過
2017-08-10 11:22:19,956 DEBUG   ##### 179000件を通過
2017-08-10 11:22:21,966 DEBUG   ##### 180000件を通過
2017-08-10 11:22:23,758 DEBUG   ##### 181000件を通過
2017-08-10 11:22:25,498 DEBUG   ##### 182000件を通過
2017-08-10 11:22:27,832 DEBUG   ##### 183000件を通過
2017-08-10 11:22:30,014 DEBUG   ##### 184000件を通過
2017-08-10 11:22:32,252 DEBUG   ##### 185000件を通過
2017-08-10 11:22:34,107 DEBUG   ##### 186000件を通過
2017-08-10 11:22:36,484 DEBUG   ##### 187000件を通過
2017-08-10 11:22:38,715 DEBUG   ##### 188000件を通過
2017-08-10 11:22:40,953 DEBUG   ##### 189000件を通過
2017-08-10 11:22:42,702 DEBUG   ##### 190000件を通過
2017-08-10 11:22:44,423 DEBUG   ##### 191000件を通過
2017-08-10 11:22:46,696 DEBUG   ##### 192000件を通過
2017-08-10 11:22:48,905 DEBUG   ##### 193000件を通過
2017-08-10 11:22:51,587 DEBUG   ##### 194000件を通過
2017-08-10 11:22:53,928 DEBUG   ##### 195000件を通過
2017-08-10 11:22:56,302 DEBUG   ##### 196000件を通過
2017-08-10 11:22:58,647 DEBUG   ##### 197000件を通過
2017-08-10 11:23:01,173 DEBUG   ##### 198000件を通過
2017-08-10 11:23:03,630 DEBUG   ##### 199000件を通過
2017-08-10 11:23:06,012 DEBUG   ##### 200000件を通過
2017-08-10 11:23:08,257 DEBUG   ##### 201000件を通過
2017-08-10 11:23:10,386 DEBUG   ##### 202000件を通過
2017-08-10 11:23:12,659 DEBUG   ##### 203000件を通過
2017-08-10 11:23:15,192 DEBUG   ##### 204000件を通過
2017-08-10 11:23:17,229 DEBUG   ##### 205000件を通過
2017-08-10 11:23:18,926 DEBUG   ##### 206000件を通過
2017-08-10 11:23:21,062 DEBUG   ##### 207000件を通過
2017-08-10 11:23:23,094 DEBUG   ##### 208000件を通過
2017-08-10 11:23:24,476 DEBUG   ##### 209000件を通過
2017-08-10 11:23:26,612 DEBUG   ##### 210000件を通過
2017-08-10 11:23:28,853 DEBUG   ##### 211000件を通過
2017-08-10 11:23:30,951 DEBUG   ##### 212000件を通過
2017-08-10 11:23:33,517 DEBUG   ##### 213000件を通過
2017-08-10 11:23:35,998 DEBUG   ##### 214000件を通過
2017-08-10 11:23:38,555 DEBUG   ##### 215000件を通過
2017-08-10 11:23:41,165 DEBUG   ##### 216000件を通過
2017-08-10 11:23:43,480 DEBUG   ##### 217000件を通過
2017-08-10 11:23:45,735 DEBUG   ##### 218000件を通過
2017-08-10 11:23:48,019 DEBUG   ##### 219000件を通過
2017-08-10 11:23:50,249 DEBUG   ##### 220000件を通過
2017-08-10 11:23:52,644 DEBUG   ##### 221000件を通過
2017-08-10 11:23:54,841 DEBUG   ##### 222000件を通過
2017-08-10 11:23:57,182 DEBUG   ##### 223000件を通過
2017-08-10 11:23:59,241 DEBUG   ##### 224000件を通過
2017-08-10 11:24:01,182 DEBUG   ##### 225000件を通過
2017-08-10 11:24:02,789 DEBUG   ##### 226000件を通過
2017-08-10 11:24:04,624 DEBUG   ##### 227000件を通過
2017-08-10 11:24:07,864 DEBUG   ##### 228000件を通過
2017-08-10 11:24:11,870 DEBUG   ##### 229000件を通過
2017-08-10 11:24:15,765 DEBUG   ##### 230000件を通過
2017-08-10 11:24:19,891 DEBUG   ##### 231000件を通過
2017-08-10 11:24:23,057 DEBUG   ##### 232000件を通過
2017-08-10 11:24:25,911 DEBUG   ##### 233000件を通過
2017-08-10 11:24:30,004 DEBUG   ##### 234000件を通過
2017-08-10 11:24:33,801 DEBUG   ##### 235000件を通過
2017-08-10 11:24:37,605 DEBUG   ##### 236000件を通過
2017-08-10 11:24:41,550 DEBUG   ##### 237000件を通過
2017-08-10 11:24:45,702 DEBUG   ##### 238000件を通過
2017-08-10 11:24:48,786 DEBUG   ##### 239000件を通過
2017-08-10 11:24:51,834 DEBUG   ##### 240000件を通過
2017-08-10 11:24:54,311 DEBUG   ##### 241000件を通過
2017-08-10 11:24:57,612 DEBUG   ##### 242000件を通過
2017-08-10 11:25:00,767 DEBUG   ##### 243000件を通過
2017-08-10 11:25:04,552 DEBUG   ##### 244000件を通過
2017-08-10 11:25:07,451 DEBUG   ##### 245000件を通過
2017-08-10 11:25:11,078 DEBUG   ##### 246000件を通過
2017-08-10 11:25:13,862 DEBUG   ##### 247000件を通過
2017-08-10 11:25:17,921 DEBUG   ##### 248000件を通過
2017-08-10 11:25:19,766 DEBUG   ##### 249000件を通過
2017-08-10 11:25:22,289 DEBUG   ##### 250000件を通過
2017-08-10 11:25:25,291 DEBUG   ##### 251000件を通過
2017-08-10 11:25:27,048 DEBUG   ##### 252000件を通過
2017-08-10 11:25:28,566 DEBUG   ##### 253000件を通過
2017-08-10 11:25:30,704 DEBUG   ##### 254000件を通過
2017-08-10 11:25:33,126 DEBUG   ##### 255000件を通過
2017-08-10 11:25:35,258 DEBUG   ##### 256000件を通過
2017-08-10 11:25:37,400 DEBUG   ##### 257000件を通過
2017-08-10 11:25:39,751 DEBUG   ##### 258000件を通過
2017-08-10 11:25:42,102 DEBUG   ##### 259000件を通過
2017-08-10 11:25:45,143 DEBUG   ##### 260000件を通過
2017-08-10 11:25:48,695 DEBUG   ##### 261000件を通過
2017-08-10 11:25:51,430 DEBUG   ##### 262000件を通過
2017-08-10 11:25:53,005 DEBUG   ##### 263000件を通過
2017-08-10 11:25:54,809 DEBUG   ##### 264000件を通過
2017-08-10 11:25:56,763 DEBUG   ##### 265000件を通過
2017-08-10 11:25:58,864 DEBUG   ##### 266000件を通過
2017-08-10 11:26:01,100 DEBUG   ##### 267000件を通過
2017-08-10 11:26:03,507 DEBUG   ##### 268000件を通過
2017-08-10 11:26:05,649 DEBUG   ##### 269000件を通過
2017-08-10 11:26:07,893 DEBUG   ##### 270000件を通過
2017-08-10 11:26:10,451 DEBUG   ##### 271000件を通過
2017-08-10 11:26:12,242 DEBUG   ##### 272000件を通過
2017-08-10 11:26:13,928 DEBUG   ##### 273000件を通過
2017-08-10 11:26:15,874 DEBUG   ##### 274000件を通過
2017-08-10 11:26:17,667 DEBUG   ##### 275000件を通過
2017-08-10 11:26:19,641 DEBUG   ##### 276000件を通過
2017-08-10 11:26:21,767 DEBUG   ##### 277000件を通過
2017-08-10 11:26:23,323 DEBUG   ##### 278000件を通過
2017-08-10 11:26:25,412 DEBUG   ##### 279000件を通過
2017-08-10 11:26:27,640 DEBUG   ##### 280000件を通過
2017-08-10 11:26:29,412 DEBUG   ##### 281000件を通過
2017-08-10 11:26:31,526 DEBUG   ##### 282000件を通過
2017-08-10 11:26:33,826 DEBUG   ##### 283000件を通過
2017-08-10 11:26:35,672 DEBUG   ##### 284000件を通過
2017-08-10 11:26:37,424 DEBUG   ##### 285000件を通過
2017-08-10 11:26:39,036 DEBUG   ##### 286000件を通過
2017-08-10 11:26:40,587 DEBUG   ##### 287000件を通過
2017-08-10 11:26:42,612 DEBUG   ##### 288000件を通過
2017-08-10 11:26:44,431 DEBUG   ##### 289000件を通過
2017-08-10 11:26:46,257 DEBUG   ##### 290000件を通過
2017-08-10 11:26:48,170 DEBUG   ##### 291000件を通過
2017-08-10 11:26:50,045 DEBUG   ##### 292000件を通過
2017-08-10 11:26:51,861 DEBUG   ##### 293000件を通過
2017-08-10 11:26:53,437 DEBUG   ##### 294000件を通過
2017-08-10 11:26:55,515 DEBUG   ##### 295000件を通過
2017-08-10 11:26:57,709 DEBUG   ##### 296000件を通過
2017-08-10 11:26:59,519 DEBUG   ##### 297000件を通過
2017-08-10 11:27:01,100 DEBUG   ##### 298000件を通過
2017-08-10 11:27:03,338 DEBUG   ##### 299000件を通過
2017-08-10 11:27:05,316 DEBUG   ##### 300000件を通過
2017-08-10 11:27:07,564 DEBUG   ##### 301000件を通過
2017-08-10 11:27:09,554 DEBUG   ##### 302000件を通過
2017-08-10 11:27:11,914 DEBUG   ##### 303000件を通過
2017-08-10 11:27:13,654 DEBUG   ##### 304000件を通過
2017-08-10 11:27:15,416 DEBUG   ##### 305000件を通過
2017-08-10 11:27:17,524 DEBUG   ##### 306000件を通過
2017-08-10 11:27:19,092 DEBUG   ##### 307000件を通過
2017-08-10 11:27:20,574 DEBUG   ##### 308000件を通過
2017-08-10 11:27:22,011 DEBUG   ##### 309000件を通過
2017-08-10 11:27:23,976 DEBUG   ##### 310000件を通過
2017-08-10 11:27:26,195 DEBUG   ##### 311000件を通過
2017-08-10 11:27:27,894 DEBUG   ##### 312000件を通過
2017-08-10 11:27:30,088 DEBUG   ##### 313000件を通過
2017-08-10 11:27:31,802 DEBUG   ##### 314000件を通過
2017-08-10 11:27:33,816 DEBUG   ##### 315000件を通過
2017-08-10 11:27:36,011 DEBUG   ##### 316000件を通過
2017-08-10 11:27:37,564 DEBUG   ##### 317000件を通過
2017-08-10 11:27:39,133 DEBUG   ##### 318000件を通過
2017-08-10 11:27:41,236 DEBUG   ##### 319000件を通過
2017-08-10 11:27:42,821 DEBUG   ##### 320000件を通過
2017-08-10 11:27:44,525 DEBUG   ##### 321000件を通過
2017-08-10 11:27:46,075 DEBUG   ##### 322000件を通過
2017-08-10 11:27:48,109 DEBUG   ##### 323000件を通過
2017-08-10 11:27:49,703 DEBUG   ##### 324000件を通過
2017-08-10 11:27:52,245 DEBUG   ##### 325000件を通過
2017-08-10 11:27:54,270 DEBUG   ##### 326000件を通過
2017-08-10 11:27:56,046 DEBUG   ##### 327000件を通過
2017-08-10 11:27:57,570 DEBUG   ##### 328000件を通過
2017-08-10 11:27:59,273 DEBUG   ##### 329000件を通過
2017-08-10 11:28:00,838 DEBUG   ##### 330000件を通過
2017-08-10 11:28:02,350 DEBUG   ##### 331000件を通過
2017-08-10 11:28:03,915 DEBUG   ##### 332000件を通過
2017-08-10 11:28:05,988 DEBUG   ##### 333000件を通過
2017-08-10 11:28:07,543 DEBUG   ##### 334000件を通過
2017-08-10 11:28:09,313 DEBUG   ##### 335000件を通過
2017-08-10 11:28:10,775 DEBUG   ##### 336000件を通過
2017-08-10 11:28:12,177 DEBUG   ##### 337000件を通過
2017-08-10 11:28:13,428 DEBUG   ##### 338000件を通過
2017-08-10 11:28:14,641 DEBUG   ##### 339000件を通過
2017-08-10 11:28:15,862 DEBUG   ##### 340000件を通過
2017-08-10 11:28:17,088 DEBUG   ##### 341000件を通過
2017-08-10 11:28:18,311 DEBUG   ##### 342000件を通過
2017-08-10 11:28:19,814 DEBUG   ##### 343000件を通過
2017-08-10 11:28:21,160 DEBUG   ##### 344000件を通過
2017-08-10 11:28:22,381 DEBUG   ##### 345000件を通過
2017-08-10 11:28:23,577 DEBUG   ##### 346000件を通過
2017-08-10 11:28:25,207 DEBUG   ##### 347000件を通過
2017-08-10 11:28:26,559 DEBUG   ##### 348000件を通過
2017-08-10 11:28:27,961 DEBUG   ##### 349000件を通過
2017-08-10 11:28:29,567 DEBUG   ##### 350000件を通過
2017-08-10 11:28:30,801 DEBUG   ##### 351000件を通過
2017-08-10 11:28:32,027 DEBUG   ##### 352000件を通過
2017-08-10 11:28:33,744 DEBUG   ##### 353000件を通過
2017-08-10 11:28:35,195 DEBUG   ##### 354000件を通過
2017-08-10 11:28:36,385 DEBUG   ##### 355000件を通過
2017-08-10 11:28:37,614 DEBUG   ##### 356000件を通過
2017-08-10 11:28:39,296 DEBUG   ##### 357000件を通過
2017-08-10 11:28:41,132 DEBUG   ##### 358000件を通過
2017-08-10 11:28:42,765 DEBUG   ##### 359000件を通過
2017-08-10 11:28:44,780 DEBUG   ##### 360000件を通過
2017-08-10 11:28:46,668 DEBUG   ##### 361000件を通過
2017-08-10 11:28:48,406 DEBUG   ##### 362000件を通過
2017-08-10 11:28:50,280 DEBUG   ##### 363000件を通過
2017-08-10 11:28:51,547 DEBUG   ##### 364000件を通過
2017-08-10 11:28:52,787 DEBUG   ##### 365000件を通過
2017-08-10 11:28:53,990 DEBUG   ##### 366000件を通過
2017-08-10 11:28:55,183 DEBUG   ##### 367000件を通過
2017-08-10 11:28:56,741 DEBUG   ##### 368000件を通過
2017-08-10 11:28:58,363 DEBUG   ##### 369000件を通過
2017-08-10 11:28:59,589 DEBUG   ##### 370000件を通過
2017-08-10 11:29:00,777 DEBUG   ##### 371000件を通過
2017-08-10 11:29:02,490 DEBUG   ##### 372000件を通過
2017-08-10 11:29:04,252 DEBUG   ##### 373000件を通過
2017-08-10 11:29:06,123 DEBUG   ##### 374000件を通過
2017-08-10 11:29:07,283 DEBUG   ##### 375000件を通過
2017-08-10 11:29:08,989 DEBUG   ##### 376000件を通過
2017-08-10 11:29:10,796 DEBUG   ##### 377000件を通過
2017-08-10 11:29:12,041 DEBUG   ##### 378000件を通過
2017-08-10 11:29:13,473 DEBUG   ##### 379000件を通過
2017-08-10 11:29:14,821 DEBUG   ##### 380000件を通過
2017-08-10 11:29:16,044 DEBUG   ##### 381000件を通過
2017-08-10 11:29:17,350 DEBUG   ##### 382000件を通過
2017-08-10 11:29:18,530 DEBUG   ##### 383000件を通過
2017-08-10 11:29:19,944 DEBUG   ##### 384000件を通過
2017-08-10 11:29:22,079 DEBUG   ##### 385000件を通過
2017-08-10 11:29:23,303 DEBUG   ##### 386000件を通過
2017-08-10 11:29:24,961 DEBUG   ##### 387000件を通過
2017-08-10 11:29:26,226 DEBUG   ##### 388000件を通過
2017-08-10 11:29:27,441 DEBUG   ##### 389000件を通過
2017-08-10 11:29:28,616 DEBUG   ##### 390000件を通過
2017-08-10 11:29:30,225 DEBUG   ##### 391000件を通過
2017-08-10 11:29:31,434 DEBUG   ##### 392000件を通過
2017-08-10 11:29:32,616 DEBUG   ##### 393000件を通過
2017-08-10 11:29:34,047 DEBUG   ##### 394000件を通過
2017-08-10 11:29:35,451 DEBUG   ##### 395000件を通過
2017-08-10 11:29:36,642 DEBUG   ##### 396000件を通過
2017-08-10 11:29:37,879 DEBUG   ##### 397000件を通過
2017-08-10 11:29:39,127 DEBUG   ##### 398000件を通過
2017-08-10 11:29:40,358 DEBUG   ##### 399000件を通過
2017-08-10 11:29:41,532 DEBUG   ##### 400000件を通過
2017-08-10 11:29:42,801 DEBUG   ##### 401000件を通過
2017-08-10 11:29:43,984 DEBUG   ##### 402000件を通過
2017-08-10 11:29:45,325 DEBUG   ##### 403000件を通過
2017-08-10 11:29:46,585 DEBUG   ##### 404000件を通過
2017-08-10 11:29:47,802 DEBUG   ##### 405000件を通過
2017-08-10 11:29:49,244 DEBUG   ##### 406000件を通過
2017-08-10 11:29:50,485 DEBUG   ##### 407000件を通過
2017-08-10 11:29:51,854 DEBUG   ##### 408000件を通過
2017-08-10 11:29:53,241 DEBUG   ##### 409000件を通過
2017-08-10 11:29:54,711 DEBUG   ##### 410000件を通過
2017-08-10 11:29:55,932 DEBUG   ##### 411000件を通過
2017-08-10 11:29:57,456 DEBUG   ##### 412000件を通過
2017-08-10 11:29:58,678 DEBUG   ##### 413000件を通過
2017-08-10 11:29:59,895 DEBUG   ##### 414000件を通過
2017-08-10 11:30:01,116 DEBUG   ##### 415000件を通過
2017-08-10 11:30:02,728 DEBUG   ##### 416000件を通過
2017-08-10 11:30:03,915 DEBUG   ##### 417000件を通過
2017-08-10 11:30:05,298 DEBUG   ##### 418000件を通過
2017-08-10 11:30:06,507 DEBUG   ##### 419000件を通過
2017-08-10 11:30:08,106 DEBUG   ##### 420000件を通過
2017-08-10 11:30:09,343 DEBUG   ##### 421000件を通過
2017-08-10 11:30:10,899 DEBUG   ##### 422000件を通過
2017-08-10 11:30:12,135 DEBUG   ##### 423000件を通過
2017-08-10 11:30:13,338 DEBUG   ##### 424000件を通過
2017-08-10 11:30:14,959 DEBUG   ##### 425000件を通過
2017-08-10 11:30:16,177 DEBUG   ##### 426000件を通過
2017-08-10 11:30:17,341 DEBUG   ##### 427000件を通過
2017-08-10 11:30:18,525 DEBUG   ##### 428000件を通過
2017-08-10 11:30:19,834 DEBUG   ##### 429000件を通過
2017-08-10 11:30:21,037 DEBUG   ##### 430000件を通過
2017-08-10 11:30:22,241 DEBUG   ##### 431000件を通過
2017-08-10 11:30:23,892 DEBUG   ##### 432000件を通過
2017-08-10 11:30:25,093 DEBUG   ##### 433000件を通過
2017-08-10 11:30:26,284 DEBUG   ##### 434000件を通過
2017-08-10 11:30:27,480 DEBUG   ##### 435000件を通過
2017-08-10 11:30:29,181 DEBUG   ##### 436000件を通過
2017-08-10 11:30:30,354 DEBUG   ##### 437000件を通過
2017-08-10 11:30:31,534 DEBUG   ##### 438000件を通過
2017-08-10 11:30:32,722 DEBUG   ##### 439000件を通過
2017-08-10 11:30:33,885 DEBUG   ##### 440000件を通過
2017-08-10 11:30:35,437 DEBUG   ##### 441000件を通過
2017-08-10 11:30:36,616 DEBUG   ##### 442000件を通過
2017-08-10 11:30:37,808 DEBUG   ##### 443000件を通過
2017-08-10 11:30:39,028 DEBUG   ##### 444000件を通過
2017-08-10 11:30:40,224 DEBUG   ##### 445000件を通過
2017-08-10 11:30:41,396 DEBUG   ##### 446000件を通過
2017-08-10 11:30:43,120 DEBUG   ##### 447000件を通過
2017-08-10 11:30:44,335 DEBUG   ##### 448000件を通過
2017-08-10 11:30:45,511 DEBUG   ##### 449000件を通過
2017-08-10 11:30:46,697 DEBUG   ##### 450000件を通過
2017-08-10 11:30:47,886 DEBUG   ##### 451000件を通過
2017-08-10 11:30:49,081 DEBUG   ##### 452000件を通過
2017-08-10 11:30:50,245 DEBUG   ##### 453000件を通過
2017-08-10 11:30:51,401 DEBUG   ##### 454000件を通過
2017-08-10 11:30:52,588 DEBUG   ##### 455000件を通過
2017-08-10 11:30:53,763 DEBUG   ##### 456000件を通過
2017-08-10 11:30:54,946 DEBUG   ##### 457000件を通過
2017-08-10 11:30:56,141 DEBUG   ##### 458000件を通過
2017-08-10 11:30:57,331 DEBUG   ##### 459000件を通過
2017-08-10 11:30:58,515 DEBUG   ##### 460000件を通過
2017-08-10 11:30:59,744 DEBUG   ##### 461000件を通過
2017-08-10 11:31:01,077 DEBUG   ##### 462000件を通過
2017-08-10 11:31:02,211 DEBUG   ##### 463000件を通過
2017-08-10 11:31:36,127 DEBUG   ##### 464000件を通過
2017-08-10 11:31:44,757 DEBUG   ##### 465000件を通過
2017-08-10 11:31:45,968 DEBUG   ##### 466000件を通過
2017-08-10 11:31:47,218 DEBUG   ##### 467000件を通過
2017-08-10 11:31:48,429 DEBUG   ##### 468000件を通過
2017-08-10 11:31:49,578 DEBUG   ##### 469000件を通過
2017-08-10 11:31:50,731 DEBUG   ##### 470000件を通過
2017-08-10 11:31:51,880 DEBUG   ##### 471000件を通過
2017-08-10 11:31:53,020 DEBUG   ##### 472000件を通過
2017-08-10 11:31:54,156 DEBUG   ##### 473000件を通過
2017-08-10 11:31:55,317 DEBUG   ##### 474000件を通過
2017-08-10 11:31:56,447 DEBUG   ##### 475000件を通過
2017-08-10 11:31:57,598 DEBUG   ##### 476000件を通過
2017-08-10 11:31:58,871 DEBUG   ##### 477000件を通過
2017-08-10 11:32:02,844 DEBUG   ##### 478000件を通過
2017-08-10 11:32:06,672 DEBUG   ##### 479000件を通過
2017-08-10 11:32:09,917 DEBUG   ##### 480000件を通過
2017-08-10 11:32:12,194 DEBUG   ----------------------
2017-08-10 11:32:12,209 DEBUG   okuyama_clear.pyの実行を開始
2017-08-10 11:32:12,209 DEBUG   # 実行時のパス : C:\sep\python\004_okuyama_clear\okuyama_clear.py
2017-08-10 11:32:12,209 DEBUG   ## 対象のgzファイル名 : .\20170807_mgsp_shop_bot.txt.gz
2017-08-10 11:32:12,209 DEBUG   ### ファイル内の行数 : 3469
2017-08-10 11:32:12,209 DEBUG   #### 0件を通過
2017-08-10 11:32:12,225 DEBUG   ## 対象のzipファイル名 : .\product_bot.zip
2017-08-10 11:32:12,491 DEBUG   ### 対象のファイル名 : product_bot/20170807_mgpc_product_bot.txt
2017-08-10 11:32:12,729 DEBUG   #### ファイル内の行数 : 541579
2017-08-10 11:32:12,729 DEBUG   ##### 0件を通過
2017-08-10 11:32:12,745 DEBUG   ### 対象のファイル名 : product_bot/20170807_mgpc_shop_bot.txt
2017-08-10 11:32:12,745 DEBUG   #### ファイル内の行数 : 6687
2017-08-10 11:32:12,745 DEBUG   ##### 0件を通過
2017-08-10 11:32:12,761 DEBUG   ### 対象のファイル名 : product_bot/20170807_mgsp_product_bot.txt
2017-08-10 11:32:12,823 DEBUG   #### ファイル内の行数 : 164093
2017-08-10 11:32:12,823 DEBUG   ##### 0件を通過
2017-08-10 11:32:12,839 DEBUG   ### 対象のファイル名 : product_bot/20170807_mgsp_shop_bot.txt
2017-08-10 11:32:12,839 DEBUG   #### ファイル内の行数 : 3469
2017-08-10 11:32:12,839 DEBUG   ##### 0件を通過
2017-08-10 11:32:12,856 DEBUG   ### 対象のファイル名 : product_bot/20170807_oppc_product_bot.txt
2017-08-10 11:32:12,894 DEBUG   #### ファイル内の行数 : 133293
2017-08-10 11:32:12,894 DEBUG   ##### 0件を通過
2017-08-10 11:32:12,909 DEBUG   ### 対象のファイル名 : product_bot/20170807_oppc_shop_bot.txt
2017-08-10 11:32:12,909 DEBUG   #### ファイル内の行数 : 5030
2017-08-10 11:32:12,909 DEBUG   ##### 0件を通過
2017-08-10 11:32:12,925 DEBUG   ### 対象のファイル名 : product_bot/20170807_opsp_product_bot.txt
2017-08-10 11:32:12,925 DEBUG   #### ファイル内の行数 : 20859
2017-08-10 11:32:12,925 DEBUG   ##### 0件を通過
2017-08-10 11:32:12,941 DEBUG   ### 対象のファイル名 : product_bot/20170807_opsp_shop_bot.txt
2017-08-10 11:32:12,941 DEBUG   #### ファイル内の行数 : 886
2017-08-10 11:32:12,941 DEBUG   ##### 0件を通過
2017-08-10 11:32:12,943 DEBUG   okuyama_clear.pyの実行を終了
2017-08-10 11:32:12,943 DEBUG   ----------------------
